-998871377
-998145175
-995131134
-994201467
-993366696
-992660248
-991503124
-990775260
-989595660
-988558560
-988434250
-987144859
-984814882
-983289238
-982600877
-981268514
-980665264
-980469319
-979651352
-979210497
-978667082
-976235610
-976057703
-975869377
-975553748
-974396465
-972641000
-972581626
-967508421
-966803702
-965192814
-963610436
-962604900
-961801951
-960613758
-958053522
-956807631
-955517263
-954325800
-953629044
-953082880
-952961741
-952411233
-947100350
-946596965
-946265632
-946119159
-944613529
-944498271
-944462826
-943947513
-943623044
-942712046
-941706961
-940796508
-940461015
-939932576
-939577006
-939023981
-938972184
-938465720
-936404576
-935858339
-935721809
-934635876
-934596600
-932690333
-932023639
-931815605
-931066278
-930768203
-929936663
-929547683
-929018086
-927735612
-926939259
-926831679
-925725932
-925264522
-924491528
-923860236
-923054352
-920338578
-919050407
-919047642
-917885849
-917875666
-917644241
-917574409
-916818979
-916523291
-916034174
-915326903
-913532273
-913028513
-913026787
-912817717
-910968710
-910934238
-908216683
-908174960
-901942726
-901432892
-900851477
-900252513
-898277607
-897700271
-895886374
-895678560
-895395884
-893959937
-892950492
-891598601
-887586491
-885950266
-885768812
-885523680
-881885160
-878359833
-876371965
-875299819
-874436826
-872743364
-872649236
-871968819
-871558033
-869197040
-867493961
-867239185
-866278128
-862553233
-862239966
-862122066
-861518260
-860718304
-860543211
-859677462
-856293559
-855737404
-854809792
-854761926
-854729825
-854125586
-853985873
-850545343
-849710558
-846256611
-844108835
-839241721
-838514197
-836279989
-835117818
-832876654
-832018275
-829049898
-828060088
-827166212
-824816791
-824267963
-820559386
-819339831
-814924981
-813563067
-808133366
-807655633
-807448386
-807107580
-800044378
-795557469
-787073317
-782783448
-776590383
-766507003
-765028743
-763593314
-760911696
-758432829
-758215654
-753787654
-753249210
-751869986
-751516341
-748723861
-747246115
-744619150
-742782801
-742346475
-738787458
-738619357
-738293326
-736075588
-733108042
-732924169
-732753076
-731713799
-729813946
-728691777
-721577379
-718316490
-713999570
-712834233
-701115581
-696207396
-693820476
-693213416
-692648454
-690568972
-688108571
-687335425
-684960450
-683118497
-682768050
-681000723
-680300439
-679895623
-678685200
-676292718
-675333337
-675053786
-674354504
-672018383
-670032773
-669843566
-667030747
-662797920
-659587871
-655152629
-654480028
-654034172
-650394827
-649789073
-649588469
-641959518
-641612084
-639749472
-637925457
-632879622
-630715731
-630648881
-629381489
-628019701
-624774251
-620927477
-620637834
-619717170
-617819008
-615824543
-613820200
-610925752
-609472094
-608882506
-607820950
-603976533
-600528798
-595061282
-592139366
-591153415
-590425943
-589783505
-587897960
-586196520
-584778209
-583463898
-581987822
-580346661
-578707343
-578654996
-577740363
-574324117
-571976350
-570643917
-569808740
-564941309
-564909806
-562175411
-561454864
-559649558
-558179585
-557575348
-550587269
-549235275
-542739297
-542439138
-541527545
-540649406
-538486225
-536148240
-535775752
-534333828
-534132577
-529924918
-528324785
-527365421
-526117178
-525748286
-524827340
-521436559
-519083157
-516051981
-512802065
-512483501
-509366716
-508562417
-504453584
-502231031
-497809662
-497330613
-491853721
-490499034
-488452261
-487577358
-486223185
-486146570
-485838698
-485154265
-482713863
-481993188
-481461332
-480494226
-477713501
-476312872
-474572962
-474034528
-469376925
-467483183
-466424875
-462658011
-461596164
-460249397
-458703274
-457688418
-454373960
-453830252
-452271496
-452011124
-450172937
-450062009
-447625915
-446104306
-440763843
-439278769
-437756790
-436018632
-435775295
-432842313
-429313480
-426052093
-424945650
-422832521
-421921978
-421803785
-420216582
-420006995
-418318410
-417978567
-416504421
-411558344
-409246450
-409108290
-408427659
-406472794
-403635331
-403052778
-399487117
-398865491
-397908208
-397561671
-393118706
-391135255
-388442897
-387753646
-382836720
-382540307
-378679114
-370293566
-369556902
-367639111
-366820456
-361828895
-359828965
-359075893
-357601213
-357366939
-357296057
-355908108
-352394136
-351004878
-350838040
-348807002
-345611555
-334242964
-332183711
-332073537
-329597136
-327822994
-325658685
-323376178
-321719000
-317455348
-309141065
-306416330
-303626955
-302415131
-301219213
-297721944
-297103836
-295112771
-294387077
-292969354
-291049727
-290089443
-289839194
-288598987
-287081430
-286914609
-284326930
-279210706
-278730084
-274210728
-274053751
-274019293
-272597785
-263105848
-261668766
-259174976
-258768868
-257381074
-257348388
-254637534
-251838517
-247572571
-245322239
-243963443
-240086228
-237619899
-236573641
-234345706
-231112566
-230478620
-229562161
-224269578
-224023938
-223282043
-223154456
-222628175
-221438089
-218451954
-217468354
-215991176
-214482705
-212651311
-211263890
-208640890
-205188666
-201306126
-200494091
-199345618
-198502750
-196898788
-186640088
-185396942
-182201528
-181173125
-180479906
-178116655
-174653819
-172628998
-171682634
-169343871
-169290055
-168301873
-168208744
-166708404
-166654810
-166285254
-163819663
-161698456
-160191260
-159333763
-156421896
-156145871
-153492008
-151337757
-150303432
-142757142
-142220478
-141003148
-135822490
-135366748
-133625862
-132231922
-130597019
-130239490
-128540834
-127305715
-122080376
-121772125
-121707471
-121495836
-121388508
-120624442
-117985292
-116631199
-116513619
-114931335
-111176882
-110505128
-107509090
-106370047
-92529886
-91615560
-86639765
-85412184
-85214868
-80177241
-79087023
-79071756
-73119368
-70923068
-69297669
-63478932
-61926512
-60745413
-56959228
-56044354
-54406154
-51921851
-51880670
-50202427
-49143532
-48994721
-43592365
-42281699
-41715349
-40737413
-39509715
-36248393
-33558557
-32726624
-31948652
-30325531
-29768839
-27789277
-27462528
-25776797
-23078014
-21985231
-18449358
-14698181
-12792527
-11296818
-5875142
-5382579
-3611906
-708840
-476523
1861260
4077947
4658025
6335899
6505359
6896918
13488289
14301503
16640169
20943136
24052274
24736230
25228580
25568724
26087364
29793446
32482240
34853111
36516199
37048471
38595464
39685388
41840802
42838828
44017963
45806198
48970676
53670109
55762323
65510910
66537424
67125123
69411223
78254273
79513323
80296777
81557986
83197428
86124595
87964755
90665489
91866941
93857828
104786703
106646937
109272717
111666309
112032020
123376333
123597890
124008336
126352979
129847358
136379059
138746227
143541526
151422648
152586242
153659982
156641338
157185059
161869142
165434973
166561680
167735749
170237497
175741926
176287988
176462358
176996870
178807407
180029982
185501511
191796757
192598892
193784144
195607942
195664310
197379381
199311426
200794582
201941013
205810432
208428617
211010706
211139377
212345099
214473354
216781922
219308561
221574890
223842043
223861429
224986696
227371094
228370542
228632661
230599954
230745791
231950749
236579820
238830001
238892701
240963249
241015012
242740250
243039374
245218171
248134960
255458515
255786817
256940144
259788488
261139920
262048950
265848651
267009753
268049721
273114732
273666509
274928634
275350167
278466214
281999239
282738077
286599887
291424851
291898069
294139132
299110912
301665627
302853423
303523404
303783218
304226289
306916240
307990087
309827122
312622060
314215549
314521573
317398353
322526995
326688145
326787382
329503155
329563491
332246017
335518716
338366380
341698329
344803893
345522003
348436090
349544948
354048093
355452283
356893309
362598957
363123776
366717092
368958142
369531972
373991105
378127020
378139029
379421800
382246250
383275986
389868987
390079617
390991885
392492511
392500607
394304097
396119640
399864051
402747840
402965096
406246202
406627829
407175851
409438767
409802444
419584172
420408786
425286315
428595769
430318901
432434871
434919505
435362155
436743181
438569805
443482494
444119684
445365533
445506207
445786270
447932334
451593175
451913256
452502514
452881742
454068655
456517203
458272234
463400783
464429830
465667820
466566965
467686498
468024070
470884951
474639288
475228559
475339917
475362642
476036856
479110840
482597500
482601955
484146355
484679300
486029159
486879900
490578136
501062917
501359604
501980836
502534659
504617275
504692565
506397716
512262305
513619244
514956622
516826107
518005154
519860951
522892444
523660189
525573191
526372853
527785302
527873145
533087562
535957661
536006164
540970508
541534775
541916123
543201362
544700393
548653233
548918609
549378209
550771842
554256918
556647045
558055686
561789695
562510240
563955042
564142317
565672250
569692245
569852310
573735832
573867522
578062789
579180164
589001107
589108916
589832708
597668860
600841933
602039307
604666841
607198956
607770463
608270388
612144848
615337387
618840349
619973967
623264485
627401929
628741668
630025053
631749371
632203942
633107615
635397059
639160596
641194027
649007293
658525347
662971796
664085667
664710294
667027808
671270479
671814709
674412690
675238315
679226278
679445874
679568164
682923555
684367342
686820023
687471147
692730559
693651427
693935827
694371404
695720050
697174947
697514235
703143942
707283170
714046400
718117131
721179301
722381779
731915913
737345068
746781517
746846766
747866727
749989497
752552925
754413123
754497567
755444179
758621058
761723086
763137349
764406580
765538781
769502973
770993461
771527508
775016430
779230623
784185223
784315430
786023524
788416640
788912137
789493543
791421809
791888230
792348074
794367328
794551018
807429072
812518563
812609432
813207880
817807537
820044860
821838234
824747226
827910106
829919181
831752272
837167981
839508535
841325688
841619650
845547423
850708815
854533224
856223235
858602738
859725663
861591647
867416277
868508151
870751747
870762808
870800183
871174513
873819407
874044710
875146568
877313533
881558024
882697074
883008759
883883355
883994073
885476600
889857309
889967895
890035085
893096833
908894585
910260504
921097561
921164136
921484946
922865213
927192284
931581207
932219603
934847964
936961933
938884791
941944140
943083545
943998717
944581269
948728898
958794361
960808502
961067172
966779933
967577278
968105313
969079590
969524863
971229974
972108781
972353134
972423179
972728275
973806731
977076180
982465678
985774544
988926037
989517765
989715046
989860980
992822473
993414272
995494547
995845017
997085249
997782721
999800722
